<?xml version="1.0" encoding="UTF-8"?>
<!-- Generated by org.testng.reporters.JUnitReportReporter -->
<testsuite hostname="LTIN486509" failures="0" tests="4" name="com.urbanladder.runner.UrbanTestRunner" time="57.553" errors="0" timestamp="12 Apr 2024 03:31:47 GMT" skipped="0">
  <testcase classname="com.urbanladder.runner.UrbanTestRunner" name="runScenario" time="15.453"/>
  <testcase classname="com.urbanladder.runner.UrbanTestRunner" name="runScenario" time="20.261"/>
  <testcase classname="com.urbanladder.runner.UrbanTestRunner" name="runScenario" time="12.552"/>
  <testcase classname="com.urbanladder.runner.UrbanTestRunner" name="runScenario" time="9.287"/>
</testsuite> <!-- com.urbanladder.runner.UrbanTestRunner -->
