<?xml version="1.0" encoding="UTF-8"?>
<!-- Generated by org.testng.reporters.JUnitReportReporter -->
<testsuite hostname="LTIN486509" failures="0" tests="4" name="com.urbanladder.runner.UrbanTestRunner" time="49.794" errors="0" timestamp="08 Apr 2024 11:54:51 GMT" skipped="0">
  <testcase classname="com.urbanladder.runner.UrbanTestRunner" name="runScenario" time="12.300"/>
  <testcase classname="com.urbanladder.runner.UrbanTestRunner" name="runScenario" time="10.781"/>
  <testcase classname="com.urbanladder.runner.UrbanTestRunner" name="runScenario" time="19.734"/>
  <testcase classname="com.urbanladder.runner.UrbanTestRunner" name="runScenario" time="6.979"/>
</testsuite> <!-- com.urbanladder.runner.UrbanTestRunner -->
