<?xml version="1.0" encoding="UTF-8"?>
<!-- Generated by org.testng.reporters.JUnitReportReporter -->
<testsuite hostname="LTIN486509" failures="0" tests="4" name="com.urbanladder.runner.UrbanTestRunner" time="58.141" errors="0" timestamp="11 Apr 2024 16:07:50 GMT" skipped="0">
  <testcase classname="com.urbanladder.runner.UrbanTestRunner" name="runScenario" time="14.032"/>
  <testcase classname="com.urbanladder.runner.UrbanTestRunner" name="runScenario" time="14.878"/>
  <testcase classname="com.urbanladder.runner.UrbanTestRunner" name="runScenario" time="20.644"/>
  <testcase classname="com.urbanladder.runner.UrbanTestRunner" name="runScenario" time="8.587"/>
</testsuite> <!-- com.urbanladder.runner.UrbanTestRunner -->
