<?xml version="1.0" encoding="UTF-8"?>
<!-- Generated by org.testng.reporters.JUnitReportReporter -->
<testsuite hostname="LTIN486509" failures="0" tests="8" name="com.urbanladder.runner.CucumberRunnerTests" time="17.120" errors="7" timestamp="06 Apr 2024 10:00:55 GMT" skipped="0">
  <testcase classname="com.urbanladder.runner.CucumberRunnerTests" name="runScenario" time="0.020">
    <error message="no such window: target window already closed
from unknown error: web view not found
  (Session info: chrome=120.0.6099.130)
Build info: version: &#039;4.15.0&#039;, revision: &#039;1d14b5521b&#039;
System info: os.name: &#039;Windows 11&#039;, os.arch: &#039;amd64&#039;, os.version: &#039;10.0&#039;, java.version: &#039;17.0.2&#039;
Driver info: org.openqa.selenium.chrome.ChromeDriver
Command: [a57726368fe8f0a06dd0a4d860aea4a7, get {url=https://opensource-demo.orangehrmlive.com/}]
Capabilities {acceptInsecureCerts: false, browserName: chrome, browserVersion: 120.0.6099.130, chrome: {chromedriverVersion: 120.0.6099.109 (3419140ab66..., userDataDir: C:\Windows\SystemTemp\scope...}, fedcm:accounts: true, goog:chromeOptions: {debuggerAddress: localhost:65266}, networkConnectionEnabled: false, pageLoadStrategy: normal, platformName: windows, proxy: Proxy(), se:cdp: ws://localhost:65266/devtoo..., se:cdpVersion: 120.0.6099.130, setWindowRect: true, strictFileInteractability: false, timeouts: {implicit: 0, pageLoad: 300000, script: 30000}, unhandledPromptBehavior: dismiss and notify, webauthn:extension:credBlob: true, webauthn:extension:largeBlob: true, webauthn:extension:minPinLength: true, webauthn:extension:prf: true, webauthn:virtualAuthenticators: true}
Session ID: a57726368fe8f0a06dd0a4d860aea4a7" type="org.openqa.selenium.NoSuchWindowException">
      <![CDATA[org.openqa.selenium.NoSuchWindowException: no such window: target window already closed
from unknown error: web view not found
  (Session info: chrome=120.0.6099.130)
Build info: version: '4.15.0', revision: '1d14b5521b'
System info: os.name: 'Windows 11', os.arch: 'amd64', os.version: '10.0', java.version: '17.0.2'
Driver info: org.openqa.selenium.chrome.ChromeDriver
Command: [a57726368fe8f0a06dd0a4d860aea4a7, get {url=https://opensource-demo.orangehrmlive.com/}]
Capabilities {acceptInsecureCerts: false, browserName: chrome, browserVersion: 120.0.6099.130, chrome: {chromedriverVersion: 120.0.6099.109 (3419140ab66..., userDataDir: C:\Windows\SystemTemp\scope...}, fedcm:accounts: true, goog:chromeOptions: {debuggerAddress: localhost:65266}, networkConnectionEnabled: false, pageLoadStrategy: normal, platformName: windows, proxy: Proxy(), se:cdp: ws://localhost:65266/devtoo..., se:cdpVersion: 120.0.6099.130, setWindowRect: true, strictFileInteractability: false, timeouts: {implicit: 0, pageLoad: 300000, script: 30000}, unhandledPromptBehavior: dismiss and notify, webauthn:extension:credBlob: true, webauthn:extension:largeBlob: true, webauthn:extension:minPinLength: true, webauthn:extension:prf: true, webauthn:virtualAuthenticators: true}
Session ID: a57726368fe8f0a06dd0a4d860aea4a7
at java.base/jdk.internal.reflect.NativeConstructorAccessorImpl.newInstance0(Native Method)
at java.base/jdk.internal.reflect.NativeConstructorAccessorImpl.newInstance(NativeConstructorAccessorImpl.java:77)
at java.base/jdk.internal.reflect.DelegatingConstructorAccessorImpl.newInstance(DelegatingConstructorAccessorImpl.java:45)
at java.base/java.lang.reflect.Constructor.newInstanceWithCaller(Constructor.java:499)
at java.base/java.lang.reflect.Constructor.newInstance(Constructor.java:480)
at org.openqa.selenium.remote.codec.w3c.W3CHttpResponseCodec.createException(W3CHttpResponseCodec.java:200)
at org.openqa.selenium.remote.codec.w3c.W3CHttpResponseCodec.decode(W3CHttpResponseCodec.java:133)
at org.openqa.selenium.remote.codec.w3c.W3CHttpResponseCodec.decode(W3CHttpResponseCodec.java:52)
at org.openqa.selenium.remote.HttpCommandExecutor.execute(HttpCommandExecutor.java:191)
at org.openqa.selenium.remote.service.DriverCommandExecutor.invokeExecute(DriverCommandExecutor.java:200)
at org.openqa.selenium.remote.service.DriverCommandExecutor.execute(DriverCommandExecutor.java:175)
at org.openqa.selenium.remote.RemoteWebDriver.execute(RemoteWebDriver.java:607)
at org.openqa.selenium.remote.RemoteWebDriver.get(RemoteWebDriver.java:309)
at com.urbanladder.utils.HelperClass.openPage(HelperClass.java:26)
at com.urbanladder.definitions.LoginPageDefinitions.loginTest(LoginPageDefinitions.java:24)
at ✽.User is on HRMLogin page "https://opensource-demo.orangehrmlive.com/"(file:///C:/Users/2318301/OneDrive%20-%20Cognizant/Book_Shelf_Project/src/test/resources/features/LoginPage.feature:4)
]]>
    </error>
  </testcase> <!-- runScenario -->
  <testcase classname="com.urbanladder.runner.CucumberRunnerTests" name="runScenario" time="7.106">
    <error message="Unable to find element with locator By.xpath: //*[@id=&#039;app&#039;]/div[1]/div/div[1]/div/div[2]/div[2]/div/div[1]/div[1]/p
For documentation on this error, please visit: https://www.selenium.dev/documentation/webdriver/troubleshooting/errors#no-such-element-exception
Build info: version: &#039;4.15.0&#039;, revision: &#039;1d14b5521b&#039;
System info: os.name: &#039;Windows 11&#039;, os.arch: &#039;amd64&#039;, os.version: &#039;10.0&#039;, java.version: &#039;17.0.2&#039;
Driver info: driver.version: RemoteWebDriver" type="org.openqa.selenium.NoSuchElementException">
      <![CDATA[org.openqa.selenium.NoSuchElementException: Unable to find element with locator By.xpath: //*[@id='app']/div[1]/div/div[1]/div/div[2]/div[2]/div/div[1]/div[1]/p
For documentation on this error, please visit: https://www.selenium.dev/documentation/webdriver/troubleshooting/errors#no-such-element-exception
Build info: version: '4.15.0', revision: '1d14b5521b'
System info: os.name: 'Windows 11', os.arch: 'amd64', os.version: '10.0', java.version: '17.0.2'
Driver info: driver.version: RemoteWebDriver
at org.openqa.selenium.remote.ElementLocation$ElementFinder$2.findElement(ElementLocation.java:168)
at org.openqa.selenium.remote.ElementLocation.findElement(ElementLocation.java:59)
at org.openqa.selenium.remote.RemoteWebDriver.findElement(RemoteWebDriver.java:364)
at org.openqa.selenium.remote.RemoteWebDriver.findElement(RemoteWebDriver.java:358)
at org.openqa.selenium.support.pagefactory.DefaultElementLocator.findElement(DefaultElementLocator.java:68)
at org.openqa.selenium.support.pagefactory.internal.LocatingElementHandler.invoke(LocatingElementHandler.java:38)
at jdk.proxy2/jdk.proxy2.$Proxy27.getText(Unknown Source)
at com.urbanladder.actions.LoginPageActions.getErrorMessage(LoginPageActions.java:52)
at com.urbanladder.definitions.LoginPageDefinitions.verifyErrorMessage(LoginPageDefinitions.java:57)
at ✽.User should be able to see error message "Invalid credentials"(file:///C:/Users/2318301/OneDrive%20-%20Cognizant/Book_Shelf_Project/src/test/resources/features/LoginPage.feature:16)
]]>
    </error>
  </testcase> <!-- runScenario -->
  <testcase classname="com.urbanladder.runner.CucumberRunnerTests" name="runScenario" time="0.035">
    <error message="no such window: target window already closed
from unknown error: web view not found
  (Session info: chrome=120.0.6099.130)
Build info: version: &#039;4.15.0&#039;, revision: &#039;1d14b5521b&#039;
System info: os.name: &#039;Windows 11&#039;, os.arch: &#039;amd64&#039;, os.version: &#039;10.0&#039;, java.version: &#039;17.0.2&#039;
Driver info: org.openqa.selenium.chrome.ChromeDriver
Command: [a57726368fe8f0a06dd0a4d860aea4a7, get {url=https://opensource-demo.orangehrmlive.com/}]
Capabilities {acceptInsecureCerts: false, browserName: chrome, browserVersion: 120.0.6099.130, chrome: {chromedriverVersion: 120.0.6099.109 (3419140ab66..., userDataDir: C:\Windows\SystemTemp\scope...}, fedcm:accounts: true, goog:chromeOptions: {debuggerAddress: localhost:65266}, networkConnectionEnabled: false, pageLoadStrategy: normal, platformName: windows, proxy: Proxy(), se:cdp: ws://localhost:65266/devtoo..., se:cdpVersion: 120.0.6099.130, setWindowRect: true, strictFileInteractability: false, timeouts: {implicit: 0, pageLoad: 300000, script: 30000}, unhandledPromptBehavior: dismiss and notify, webauthn:extension:credBlob: true, webauthn:extension:largeBlob: true, webauthn:extension:minPinLength: true, webauthn:extension:prf: true, webauthn:virtualAuthenticators: true}
Session ID: a57726368fe8f0a06dd0a4d860aea4a7" type="org.openqa.selenium.NoSuchWindowException">
      <![CDATA[org.openqa.selenium.NoSuchWindowException: no such window: target window already closed
from unknown error: web view not found
  (Session info: chrome=120.0.6099.130)
Build info: version: '4.15.0', revision: '1d14b5521b'
System info: os.name: 'Windows 11', os.arch: 'amd64', os.version: '10.0', java.version: '17.0.2'
Driver info: org.openqa.selenium.chrome.ChromeDriver
Command: [a57726368fe8f0a06dd0a4d860aea4a7, get {url=https://opensource-demo.orangehrmlive.com/}]
Capabilities {acceptInsecureCerts: false, browserName: chrome, browserVersion: 120.0.6099.130, chrome: {chromedriverVersion: 120.0.6099.109 (3419140ab66..., userDataDir: C:\Windows\SystemTemp\scope...}, fedcm:accounts: true, goog:chromeOptions: {debuggerAddress: localhost:65266}, networkConnectionEnabled: false, pageLoadStrategy: normal, platformName: windows, proxy: Proxy(), se:cdp: ws://localhost:65266/devtoo..., se:cdpVersion: 120.0.6099.130, setWindowRect: true, strictFileInteractability: false, timeouts: {implicit: 0, pageLoad: 300000, script: 30000}, unhandledPromptBehavior: dismiss and notify, webauthn:extension:credBlob: true, webauthn:extension:largeBlob: true, webauthn:extension:minPinLength: true, webauthn:extension:prf: true, webauthn:virtualAuthenticators: true}
Session ID: a57726368fe8f0a06dd0a4d860aea4a7
at java.base/jdk.internal.reflect.NativeConstructorAccessorImpl.newInstance0(Native Method)
at java.base/jdk.internal.reflect.NativeConstructorAccessorImpl.newInstance(NativeConstructorAccessorImpl.java:77)
at java.base/jdk.internal.reflect.DelegatingConstructorAccessorImpl.newInstance(DelegatingConstructorAccessorImpl.java:45)
at java.base/java.lang.reflect.Constructor.newInstanceWithCaller(Constructor.java:499)
at java.base/java.lang.reflect.Constructor.newInstance(Constructor.java:480)
at org.openqa.selenium.remote.codec.w3c.W3CHttpResponseCodec.createException(W3CHttpResponseCodec.java:200)
at org.openqa.selenium.remote.codec.w3c.W3CHttpResponseCodec.decode(W3CHttpResponseCodec.java:133)
at org.openqa.selenium.remote.codec.w3c.W3CHttpResponseCodec.decode(W3CHttpResponseCodec.java:52)
at org.openqa.selenium.remote.HttpCommandExecutor.execute(HttpCommandExecutor.java:191)
at org.openqa.selenium.remote.service.DriverCommandExecutor.invokeExecute(DriverCommandExecutor.java:200)
at org.openqa.selenium.remote.service.DriverCommandExecutor.execute(DriverCommandExecutor.java:175)
at org.openqa.selenium.remote.RemoteWebDriver.execute(RemoteWebDriver.java:607)
at org.openqa.selenium.remote.RemoteWebDriver.get(RemoteWebDriver.java:309)
at com.urbanladder.utils.HelperClass.openPage(HelperClass.java:26)
at com.urbanladder.definitions.LoginPageDefinitions.loginTest(LoginPageDefinitions.java:24)
at ✽.User is on HRMLogin page "https://opensource-demo.orangehrmlive.com/"(file:///C:/Users/2318301/OneDrive%20-%20Cognizant/Book_Shelf_Project/src/test/resources/features/LoginPage.feature:4)
]]>
    </error>
  </testcase> <!-- runScenario -->
  <testcase classname="com.urbanladder.runner.CucumberRunnerTests" name="runScenario" time="0.018">
    <error message="no such window: target window already closed
from unknown error: web view not found
  (Session info: chrome=120.0.6099.130)
Build info: version: &#039;4.15.0&#039;, revision: &#039;1d14b5521b&#039;
System info: os.name: &#039;Windows 11&#039;, os.arch: &#039;amd64&#039;, os.version: &#039;10.0&#039;, java.version: &#039;17.0.2&#039;
Driver info: org.openqa.selenium.chrome.ChromeDriver
Command: [a57726368fe8f0a06dd0a4d860aea4a7, get {url=https://opensource-demo.orangehrmlive.com/}]
Capabilities {acceptInsecureCerts: false, browserName: chrome, browserVersion: 120.0.6099.130, chrome: {chromedriverVersion: 120.0.6099.109 (3419140ab66..., userDataDir: C:\Windows\SystemTemp\scope...}, fedcm:accounts: true, goog:chromeOptions: {debuggerAddress: localhost:65266}, networkConnectionEnabled: false, pageLoadStrategy: normal, platformName: windows, proxy: Proxy(), se:cdp: ws://localhost:65266/devtoo..., se:cdpVersion: 120.0.6099.130, setWindowRect: true, strictFileInteractability: false, timeouts: {implicit: 0, pageLoad: 300000, script: 30000}, unhandledPromptBehavior: dismiss and notify, webauthn:extension:credBlob: true, webauthn:extension:largeBlob: true, webauthn:extension:minPinLength: true, webauthn:extension:prf: true, webauthn:virtualAuthenticators: true}
Session ID: a57726368fe8f0a06dd0a4d860aea4a7" type="org.openqa.selenium.NoSuchWindowException">
      <![CDATA[org.openqa.selenium.NoSuchWindowException: no such window: target window already closed
from unknown error: web view not found
  (Session info: chrome=120.0.6099.130)
Build info: version: '4.15.0', revision: '1d14b5521b'
System info: os.name: 'Windows 11', os.arch: 'amd64', os.version: '10.0', java.version: '17.0.2'
Driver info: org.openqa.selenium.chrome.ChromeDriver
Command: [a57726368fe8f0a06dd0a4d860aea4a7, get {url=https://opensource-demo.orangehrmlive.com/}]
Capabilities {acceptInsecureCerts: false, browserName: chrome, browserVersion: 120.0.6099.130, chrome: {chromedriverVersion: 120.0.6099.109 (3419140ab66..., userDataDir: C:\Windows\SystemTemp\scope...}, fedcm:accounts: true, goog:chromeOptions: {debuggerAddress: localhost:65266}, networkConnectionEnabled: false, pageLoadStrategy: normal, platformName: windows, proxy: Proxy(), se:cdp: ws://localhost:65266/devtoo..., se:cdpVersion: 120.0.6099.130, setWindowRect: true, strictFileInteractability: false, timeouts: {implicit: 0, pageLoad: 300000, script: 30000}, unhandledPromptBehavior: dismiss and notify, webauthn:extension:credBlob: true, webauthn:extension:largeBlob: true, webauthn:extension:minPinLength: true, webauthn:extension:prf: true, webauthn:virtualAuthenticators: true}
Session ID: a57726368fe8f0a06dd0a4d860aea4a7
at java.base/jdk.internal.reflect.NativeConstructorAccessorImpl.newInstance0(Native Method)
at java.base/jdk.internal.reflect.NativeConstructorAccessorImpl.newInstance(NativeConstructorAccessorImpl.java:77)
at java.base/jdk.internal.reflect.DelegatingConstructorAccessorImpl.newInstance(DelegatingConstructorAccessorImpl.java:45)
at java.base/java.lang.reflect.Constructor.newInstanceWithCaller(Constructor.java:499)
at java.base/java.lang.reflect.Constructor.newInstance(Constructor.java:480)
at org.openqa.selenium.remote.codec.w3c.W3CHttpResponseCodec.createException(W3CHttpResponseCodec.java:200)
at org.openqa.selenium.remote.codec.w3c.W3CHttpResponseCodec.decode(W3CHttpResponseCodec.java:133)
at org.openqa.selenium.remote.codec.w3c.W3CHttpResponseCodec.decode(W3CHttpResponseCodec.java:52)
at org.openqa.selenium.remote.HttpCommandExecutor.execute(HttpCommandExecutor.java:191)
at org.openqa.selenium.remote.service.DriverCommandExecutor.invokeExecute(DriverCommandExecutor.java:200)
at org.openqa.selenium.remote.service.DriverCommandExecutor.execute(DriverCommandExecutor.java:175)
at org.openqa.selenium.remote.RemoteWebDriver.execute(RemoteWebDriver.java:607)
at org.openqa.selenium.remote.RemoteWebDriver.get(RemoteWebDriver.java:309)
at com.urbanladder.utils.HelperClass.openPage(HelperClass.java:26)
at com.urbanladder.definitions.LoginPageDefinitions.loginTest(LoginPageDefinitions.java:24)
at ✽.User is on HRMLogin page "https://opensource-demo.orangehrmlive.com/"(file:///C:/Users/2318301/OneDrive%20-%20Cognizant/Book_Shelf_Project/src/test/resources/features/LoginPage.feature:4)
]]>
    </error>
  </testcase> <!-- runScenario -->
  <testcase classname="com.urbanladder.runner.CucumberRunnerTests" name="runScenario" time="9.884"/>
  <testcase classname="com.urbanladder.runner.CucumberRunnerTests" name="runScenario" time="0.025">
    <error message="no such window: target window already closed
from unknown error: web view not found
  (Session info: chrome=120.0.6099.130)
Build info: version: &#039;4.15.0&#039;, revision: &#039;1d14b5521b&#039;
System info: os.name: &#039;Windows 11&#039;, os.arch: &#039;amd64&#039;, os.version: &#039;10.0&#039;, java.version: &#039;17.0.2&#039;
Driver info: org.openqa.selenium.chrome.ChromeDriver
Command: [a57726368fe8f0a06dd0a4d860aea4a7, get {url=https://opensource-demo.orangehrmlive.com/}]
Capabilities {acceptInsecureCerts: false, browserName: chrome, browserVersion: 120.0.6099.130, chrome: {chromedriverVersion: 120.0.6099.109 (3419140ab66..., userDataDir: C:\Windows\SystemTemp\scope...}, fedcm:accounts: true, goog:chromeOptions: {debuggerAddress: localhost:65266}, networkConnectionEnabled: false, pageLoadStrategy: normal, platformName: windows, proxy: Proxy(), se:cdp: ws://localhost:65266/devtoo..., se:cdpVersion: 120.0.6099.130, setWindowRect: true, strictFileInteractability: false, timeouts: {implicit: 0, pageLoad: 300000, script: 30000}, unhandledPromptBehavior: dismiss and notify, webauthn:extension:credBlob: true, webauthn:extension:largeBlob: true, webauthn:extension:minPinLength: true, webauthn:extension:prf: true, webauthn:virtualAuthenticators: true}
Session ID: a57726368fe8f0a06dd0a4d860aea4a7" type="org.openqa.selenium.NoSuchWindowException">
      <![CDATA[org.openqa.selenium.NoSuchWindowException: no such window: target window already closed
from unknown error: web view not found
  (Session info: chrome=120.0.6099.130)
Build info: version: '4.15.0', revision: '1d14b5521b'
System info: os.name: 'Windows 11', os.arch: 'amd64', os.version: '10.0', java.version: '17.0.2'
Driver info: org.openqa.selenium.chrome.ChromeDriver
Command: [a57726368fe8f0a06dd0a4d860aea4a7, get {url=https://opensource-demo.orangehrmlive.com/}]
Capabilities {acceptInsecureCerts: false, browserName: chrome, browserVersion: 120.0.6099.130, chrome: {chromedriverVersion: 120.0.6099.109 (3419140ab66..., userDataDir: C:\Windows\SystemTemp\scope...}, fedcm:accounts: true, goog:chromeOptions: {debuggerAddress: localhost:65266}, networkConnectionEnabled: false, pageLoadStrategy: normal, platformName: windows, proxy: Proxy(), se:cdp: ws://localhost:65266/devtoo..., se:cdpVersion: 120.0.6099.130, setWindowRect: true, strictFileInteractability: false, timeouts: {implicit: 0, pageLoad: 300000, script: 30000}, unhandledPromptBehavior: dismiss and notify, webauthn:extension:credBlob: true, webauthn:extension:largeBlob: true, webauthn:extension:minPinLength: true, webauthn:extension:prf: true, webauthn:virtualAuthenticators: true}
Session ID: a57726368fe8f0a06dd0a4d860aea4a7
at java.base/jdk.internal.reflect.NativeConstructorAccessorImpl.newInstance0(Native Method)
at java.base/jdk.internal.reflect.NativeConstructorAccessorImpl.newInstance(NativeConstructorAccessorImpl.java:77)
at java.base/jdk.internal.reflect.DelegatingConstructorAccessorImpl.newInstance(DelegatingConstructorAccessorImpl.java:45)
at java.base/java.lang.reflect.Constructor.newInstanceWithCaller(Constructor.java:499)
at java.base/java.lang.reflect.Constructor.newInstance(Constructor.java:480)
at org.openqa.selenium.remote.codec.w3c.W3CHttpResponseCodec.createException(W3CHttpResponseCodec.java:200)
at org.openqa.selenium.remote.codec.w3c.W3CHttpResponseCodec.decode(W3CHttpResponseCodec.java:133)
at org.openqa.selenium.remote.codec.w3c.W3CHttpResponseCodec.decode(W3CHttpResponseCodec.java:52)
at org.openqa.selenium.remote.HttpCommandExecutor.execute(HttpCommandExecutor.java:191)
at org.openqa.selenium.remote.service.DriverCommandExecutor.invokeExecute(DriverCommandExecutor.java:200)
at org.openqa.selenium.remote.service.DriverCommandExecutor.execute(DriverCommandExecutor.java:175)
at org.openqa.selenium.remote.RemoteWebDriver.execute(RemoteWebDriver.java:607)
at org.openqa.selenium.remote.RemoteWebDriver.get(RemoteWebDriver.java:309)
at com.urbanladder.utils.HelperClass.openPage(HelperClass.java:26)
at com.urbanladder.definitions.LoginPageDefinitions.loginTest(LoginPageDefinitions.java:24)
at ✽.User is on HRMLogin page "https://opensource-demo.orangehrmlive.com/"(file:///C:/Users/2318301/OneDrive%20-%20Cognizant/Book_Shelf_Project/src/test/resources/features/LoginPage.feature:4)
]]>
    </error>
  </testcase> <!-- runScenario -->
  <testcase classname="com.urbanladder.runner.CucumberRunnerTests" name="runScenario" time="0.013">
    <error message="no such window: target window already closed
from unknown error: web view not found
  (Session info: chrome=120.0.6099.130)
Build info: version: &#039;4.15.0&#039;, revision: &#039;1d14b5521b&#039;
System info: os.name: &#039;Windows 11&#039;, os.arch: &#039;amd64&#039;, os.version: &#039;10.0&#039;, java.version: &#039;17.0.2&#039;
Driver info: org.openqa.selenium.chrome.ChromeDriver
Command: [a57726368fe8f0a06dd0a4d860aea4a7, get {url=https://opensource-demo.orangehrmlive.com/}]
Capabilities {acceptInsecureCerts: false, browserName: chrome, browserVersion: 120.0.6099.130, chrome: {chromedriverVersion: 120.0.6099.109 (3419140ab66..., userDataDir: C:\Windows\SystemTemp\scope...}, fedcm:accounts: true, goog:chromeOptions: {debuggerAddress: localhost:65266}, networkConnectionEnabled: false, pageLoadStrategy: normal, platformName: windows, proxy: Proxy(), se:cdp: ws://localhost:65266/devtoo..., se:cdpVersion: 120.0.6099.130, setWindowRect: true, strictFileInteractability: false, timeouts: {implicit: 0, pageLoad: 300000, script: 30000}, unhandledPromptBehavior: dismiss and notify, webauthn:extension:credBlob: true, webauthn:extension:largeBlob: true, webauthn:extension:minPinLength: true, webauthn:extension:prf: true, webauthn:virtualAuthenticators: true}
Session ID: a57726368fe8f0a06dd0a4d860aea4a7" type="org.openqa.selenium.NoSuchWindowException">
      <![CDATA[org.openqa.selenium.NoSuchWindowException: no such window: target window already closed
from unknown error: web view not found
  (Session info: chrome=120.0.6099.130)
Build info: version: '4.15.0', revision: '1d14b5521b'
System info: os.name: 'Windows 11', os.arch: 'amd64', os.version: '10.0', java.version: '17.0.2'
Driver info: org.openqa.selenium.chrome.ChromeDriver
Command: [a57726368fe8f0a06dd0a4d860aea4a7, get {url=https://opensource-demo.orangehrmlive.com/}]
Capabilities {acceptInsecureCerts: false, browserName: chrome, browserVersion: 120.0.6099.130, chrome: {chromedriverVersion: 120.0.6099.109 (3419140ab66..., userDataDir: C:\Windows\SystemTemp\scope...}, fedcm:accounts: true, goog:chromeOptions: {debuggerAddress: localhost:65266}, networkConnectionEnabled: false, pageLoadStrategy: normal, platformName: windows, proxy: Proxy(), se:cdp: ws://localhost:65266/devtoo..., se:cdpVersion: 120.0.6099.130, setWindowRect: true, strictFileInteractability: false, timeouts: {implicit: 0, pageLoad: 300000, script: 30000}, unhandledPromptBehavior: dismiss and notify, webauthn:extension:credBlob: true, webauthn:extension:largeBlob: true, webauthn:extension:minPinLength: true, webauthn:extension:prf: true, webauthn:virtualAuthenticators: true}
Session ID: a57726368fe8f0a06dd0a4d860aea4a7
at java.base/jdk.internal.reflect.NativeConstructorAccessorImpl.newInstance0(Native Method)
at java.base/jdk.internal.reflect.NativeConstructorAccessorImpl.newInstance(NativeConstructorAccessorImpl.java:77)
at java.base/jdk.internal.reflect.DelegatingConstructorAccessorImpl.newInstance(DelegatingConstructorAccessorImpl.java:45)
at java.base/java.lang.reflect.Constructor.newInstanceWithCaller(Constructor.java:499)
at java.base/java.lang.reflect.Constructor.newInstance(Constructor.java:480)
at org.openqa.selenium.remote.codec.w3c.W3CHttpResponseCodec.createException(W3CHttpResponseCodec.java:200)
at org.openqa.selenium.remote.codec.w3c.W3CHttpResponseCodec.decode(W3CHttpResponseCodec.java:133)
at org.openqa.selenium.remote.codec.w3c.W3CHttpResponseCodec.decode(W3CHttpResponseCodec.java:52)
at org.openqa.selenium.remote.HttpCommandExecutor.execute(HttpCommandExecutor.java:191)
at org.openqa.selenium.remote.service.DriverCommandExecutor.invokeExecute(DriverCommandExecutor.java:200)
at org.openqa.selenium.remote.service.DriverCommandExecutor.execute(DriverCommandExecutor.java:175)
at org.openqa.selenium.remote.RemoteWebDriver.execute(RemoteWebDriver.java:607)
at org.openqa.selenium.remote.RemoteWebDriver.get(RemoteWebDriver.java:309)
at com.urbanladder.utils.HelperClass.openPage(HelperClass.java:26)
at com.urbanladder.definitions.LoginPageDefinitions.loginTest(LoginPageDefinitions.java:24)
at ✽.User is on HRMLogin page "https://opensource-demo.orangehrmlive.com/"(file:///C:/Users/2318301/OneDrive%20-%20Cognizant/Book_Shelf_Project/src/test/resources/features/LoginPage.feature:4)
]]>
    </error>
  </testcase> <!-- runScenario -->
  <testcase classname="com.urbanladder.runner.CucumberRunnerTests" name="runScenario" time="0.019">
    <error message="no such window: target window already closed
from unknown error: web view not found
  (Session info: chrome=120.0.6099.130)
Build info: version: &#039;4.15.0&#039;, revision: &#039;1d14b5521b&#039;
System info: os.name: &#039;Windows 11&#039;, os.arch: &#039;amd64&#039;, os.version: &#039;10.0&#039;, java.version: &#039;17.0.2&#039;
Driver info: org.openqa.selenium.chrome.ChromeDriver
Command: [a57726368fe8f0a06dd0a4d860aea4a7, get {url=https://opensource-demo.orangehrmlive.com/}]
Capabilities {acceptInsecureCerts: false, browserName: chrome, browserVersion: 120.0.6099.130, chrome: {chromedriverVersion: 120.0.6099.109 (3419140ab66..., userDataDir: C:\Windows\SystemTemp\scope...}, fedcm:accounts: true, goog:chromeOptions: {debuggerAddress: localhost:65266}, networkConnectionEnabled: false, pageLoadStrategy: normal, platformName: windows, proxy: Proxy(), se:cdp: ws://localhost:65266/devtoo..., se:cdpVersion: 120.0.6099.130, setWindowRect: true, strictFileInteractability: false, timeouts: {implicit: 0, pageLoad: 300000, script: 30000}, unhandledPromptBehavior: dismiss and notify, webauthn:extension:credBlob: true, webauthn:extension:largeBlob: true, webauthn:extension:minPinLength: true, webauthn:extension:prf: true, webauthn:virtualAuthenticators: true}
Session ID: a57726368fe8f0a06dd0a4d860aea4a7" type="org.openqa.selenium.NoSuchWindowException">
      <![CDATA[org.openqa.selenium.NoSuchWindowException: no such window: target window already closed
from unknown error: web view not found
  (Session info: chrome=120.0.6099.130)
Build info: version: '4.15.0', revision: '1d14b5521b'
System info: os.name: 'Windows 11', os.arch: 'amd64', os.version: '10.0', java.version: '17.0.2'
Driver info: org.openqa.selenium.chrome.ChromeDriver
Command: [a57726368fe8f0a06dd0a4d860aea4a7, get {url=https://opensource-demo.orangehrmlive.com/}]
Capabilities {acceptInsecureCerts: false, browserName: chrome, browserVersion: 120.0.6099.130, chrome: {chromedriverVersion: 120.0.6099.109 (3419140ab66..., userDataDir: C:\Windows\SystemTemp\scope...}, fedcm:accounts: true, goog:chromeOptions: {debuggerAddress: localhost:65266}, networkConnectionEnabled: false, pageLoadStrategy: normal, platformName: windows, proxy: Proxy(), se:cdp: ws://localhost:65266/devtoo..., se:cdpVersion: 120.0.6099.130, setWindowRect: true, strictFileInteractability: false, timeouts: {implicit: 0, pageLoad: 300000, script: 30000}, unhandledPromptBehavior: dismiss and notify, webauthn:extension:credBlob: true, webauthn:extension:largeBlob: true, webauthn:extension:minPinLength: true, webauthn:extension:prf: true, webauthn:virtualAuthenticators: true}
Session ID: a57726368fe8f0a06dd0a4d860aea4a7
at java.base/jdk.internal.reflect.NativeConstructorAccessorImpl.newInstance0(Native Method)
at java.base/jdk.internal.reflect.NativeConstructorAccessorImpl.newInstance(NativeConstructorAccessorImpl.java:77)
at java.base/jdk.internal.reflect.DelegatingConstructorAccessorImpl.newInstance(DelegatingConstructorAccessorImpl.java:45)
at java.base/java.lang.reflect.Constructor.newInstanceWithCaller(Constructor.java:499)
at java.base/java.lang.reflect.Constructor.newInstance(Constructor.java:480)
at org.openqa.selenium.remote.codec.w3c.W3CHttpResponseCodec.createException(W3CHttpResponseCodec.java:200)
at org.openqa.selenium.remote.codec.w3c.W3CHttpResponseCodec.decode(W3CHttpResponseCodec.java:133)
at org.openqa.selenium.remote.codec.w3c.W3CHttpResponseCodec.decode(W3CHttpResponseCodec.java:52)
at org.openqa.selenium.remote.HttpCommandExecutor.execute(HttpCommandExecutor.java:191)
at org.openqa.selenium.remote.service.DriverCommandExecutor.invokeExecute(DriverCommandExecutor.java:200)
at org.openqa.selenium.remote.service.DriverCommandExecutor.execute(DriverCommandExecutor.java:175)
at org.openqa.selenium.remote.RemoteWebDriver.execute(RemoteWebDriver.java:607)
at org.openqa.selenium.remote.RemoteWebDriver.get(RemoteWebDriver.java:309)
at com.urbanladder.utils.HelperClass.openPage(HelperClass.java:26)
at com.urbanladder.definitions.LoginPageDefinitions.loginTest(LoginPageDefinitions.java:24)
at ✽.User is on HRMLogin page "https://opensource-demo.orangehrmlive.com/"(file:///C:/Users/2318301/OneDrive%20-%20Cognizant/Book_Shelf_Project/src/test/resources/features/LoginPage.feature:4)
]]>
    </error>
  </testcase> <!-- runScenario -->
</testsuite> <!-- com.urbanladder.runner.CucumberRunnerTests -->
