<?xml version="1.0" encoding="UTF-8"?>
<!-- Generated by org.testng.reporters.JUnitReportReporter -->
<testsuite hostname="LTIN486509" failures="0" tests="4" name="com.urbanladder.runner.UrbanTestRunner" time="50.246" errors="0" timestamp="11 Apr 2024 14:59:40 GMT" skipped="0">
  <testcase classname="com.urbanladder.runner.UrbanTestRunner" name="runScenario" time="12.207"/>
  <testcase classname="com.urbanladder.runner.UrbanTestRunner" name="runScenario" time="19.874"/>
  <testcase classname="com.urbanladder.runner.UrbanTestRunner" name="runScenario" time="10.974"/>
  <testcase classname="com.urbanladder.runner.UrbanTestRunner" name="runScenario" time="7.191"/>
</testsuite> <!-- com.urbanladder.runner.UrbanTestRunner -->
