<?xml version="1.0" encoding="UTF-8"?>
<!-- Generated by org.testng.reporters.JUnitReportReporter -->
<testsuite hostname="LTIN486509" failures="0" tests="1" name="com.urbanladder.runner.urbanTestRunner" time="6.512" errors="0" timestamp="07 Apr 2024 10:13:01 GMT" skipped="0">
  <testcase classname="com.urbanladder.runner.urbanTestRunner" name="runScenario" time="6.512"/>
</testsuite> <!-- com.urbanladder.runner.urbanTestRunner -->
