<?xml version="1.0" encoding="UTF-8"?>
<!-- Generated by org.testng.reporters.JUnitReportReporter -->
<testsuite hostname="LTIN520662" failures="0" tests="4" name="com.urbanladder.runner.UrbanTestRunner" time="71.809" errors="0" timestamp="2024-04-12T17:34:24 IST" skipped="0">
  <testcase classname="com.urbanladder.runner.UrbanTestRunner" name="runScenario" time="10.931"/>
  <testcase classname="com.urbanladder.runner.UrbanTestRunner" name="runScenario" time="25.296"/>
  <testcase classname="com.urbanladder.runner.UrbanTestRunner" name="runScenario" time="17.039"/>
  <testcase classname="com.urbanladder.runner.UrbanTestRunner" name="runScenario" time="18.543"/>
</testsuite> <!-- com.urbanladder.runner.UrbanTestRunner -->
